<?xml version="1.0" encoding="UTF-8"?>
<!-- Generated by org.testng.reporters.JUnitReportReporter -->
<testsuite hostname="Partheeban" failures="0" tests="3" name="runner.test_runner" time="13.951" errors="2" timestamp="30 Mar 2023 09:39:29 GMT">
  <testcase classname="runner.test_runner" name="runScenario" time="4.905"/>
  <testcase classname="runner.test_runner" name="runScenario" time="0.008">
    <error message="Cannot invoke &quot;org.openqa.selenium.WebDriver.close()&quot; because &quot;this.driver&quot; is null" type="java.lang.NullPointerException">
      <![CDATA[java.lang.NullPointerException: Cannot invoke "org.openqa.selenium.WebDriver.close()" because "this.driver" is null
	at defenition.step_defeniton.i_should_go_to_the_login_page(step_defeniton.java:43)
	at ✽.I should go to the login page(file:///C:/Users/parth/Documents/workspace-spring-tool-suite-4-4.16.0.RELEASE/CUCUMBER/src/test/resources/login/login.feature:15)
]]>
    </error>
  </testcase> <!-- runScenario -->
  <testcase classname="runner.test_runner" name="runScenario" time="9.038">
    <error message="Cannot invoke &quot;org.openqa.selenium.WebDriver.findElement(org.openqa.selenium.By)&quot; because &quot;this.driver&quot; is null" type="java.lang.NullPointerException">
      <![CDATA[java.lang.NullPointerException: Cannot invoke "org.openqa.selenium.WebDriver.findElement(org.openqa.selenium.By)" because "this.driver" is null
	at defenition.step_defeniton.enter_the_username(step_defeniton.java:27)
	at ✽.Enter the username  "Admin"(file:///C:/Users/parth/Documents/workspace-spring-tool-suite-4-4.16.0.RELEASE/CUCUMBER/src/test/resources/login/login.feature:9)
]]>
    </error>
  </testcase> <!-- runScenario -->
</testsuite> <!-- runner.test_runner -->
